build/app/intermediates/manifest_merge_blame_file/release/manifest-merger-blame-release-report.txt
1<?xml version="1.0" encoding="utf-8"?>
2<manifest xmlns:android="http://schemas.android.com/apk/res/android"
3    package="com.jumpq.jump_q"
4    android:versionCode="3"
5    android:versionName="1.0.2" >
6
7    <uses-sdk
8        android:minSdkVersion="21"
8-->src/main/AndroidManifest.xml
9        android:targetSdkVersion="33" />
9-->src/main/AndroidManifest.xml
10
11    <uses-permission android:name="android.permission.CAMERA" />
11-->src/main/AndroidManifest.xml:4:5-64
11-->src/main/AndroidManifest.xml:4:22-62
12    <uses-permission android:name="android.permission.WRITE_EXTERNAL_STORAGE" />
12-->src/main/AndroidManifest.xml:5:5-80
12-->src/main/AndroidManifest.xml:5:22-78
13    <uses-permission android:name="android.permission.READ_EXTERNAL_STORAGE" />
13-->src/main/AndroidManifest.xml:6:5-79
13-->src/main/AndroidManifest.xml:6:22-77
14    <uses-permission android:name="android.permission.INTERNET" />
14-->src/main/AndroidManifest.xml:7:5-66
14-->src/main/AndroidManifest.xml:7:22-64
15    <uses-permission android:name="android.permission.ACCESS_FINE_LOCATION" />
15-->src/main/AndroidManifest.xml:8:5-79
15-->src/main/AndroidManifest.xml:8:22-76
16    <uses-permission android:name="android.permission.ACCESS_COARSE_LOCATION" />
16-->src/main/AndroidManifest.xml:9:5-81
16-->src/main/AndroidManifest.xml:9:22-78
17    <uses-permission android:name="android.permission.WAKE_LOCK" />
17-->[:firebase_messaging] AndroidManifest.xml:10:5-68
17-->[:firebase_messaging] AndroidManifest.xml:10:22-65
18    <uses-permission android:name="android.permission.ACCESS_NETWORK_STATE" /> <!-- Permissions options for the `notification` group -->
18-->[:firebase_messaging] AndroidManifest.xml:11:5-79
18-->[:firebase_messaging] AndroidManifest.xml:11:22-76
19    <uses-permission android:name="android.permission.POST_NOTIFICATIONS" />
19-->[:firebase_messaging] AndroidManifest.xml:13:5-77
19-->[:firebase_messaging] AndroidManifest.xml:13:22-74
20    <uses-permission android:name="android.permission.FOREGROUND_SERVICE" />
20-->[:geolocator_android] AndroidManifest.xml:9:5-77
20-->[:geolocator_android] AndroidManifest.xml:9:22-74
21    <uses-permission android:name="android.permission.RECEIVE_BOOT_COMPLETED" />
21-->[:flutter_local_notifications] AndroidManifest.xml:9:5-81
21-->[:flutter_local_notifications] AndroidManifest.xml:9:22-78
22    <uses-permission android:name="android.permission.VIBRATE" />
22-->[:flutter_local_notifications] AndroidManifest.xml:10:5-66
22-->[:flutter_local_notifications] AndroidManifest.xml:10:22-63
23    <uses-permission android:name="android.permission.USE_FULL_SCREEN_INTENT" />
23-->[:flutter_local_notifications] AndroidManifest.xml:11:5-81
23-->[:flutter_local_notifications] AndroidManifest.xml:11:22-78
24    <uses-permission android:name="android.permission.SCHEDULE_EXACT_ALARM" />
24-->[:flutter_local_notifications] AndroidManifest.xml:12:5-79
24-->[:flutter_local_notifications] AndroidManifest.xml:12:22-76
25    <uses-permission android:name="android.permission.REQUEST_INSTALL_PACKAGES" /> <!-- Required by older versions of Google Play services to create IID tokens -->
25-->[:open_file] AndroidManifest.xml:10:5-83
25-->[:open_file] AndroidManifest.xml:10:22-80
26    <uses-permission android:name="com.google.android.c2dm.permission.RECEIVE" />
26-->[com.google.firebase:firebase-messaging:23.1.1] AndroidManifest.xml:28:5-82
26-->[com.google.firebase:firebase-messaging:23.1.1] AndroidManifest.xml:28:22-79
27    <uses-permission android:name="com.google.android.gms.permission.AD_ID" />
27-->[com.google.android.gms:play-services-measurement-api:21.2.0] AndroidManifest.xml:25:5-79
27-->[com.google.android.gms:play-services-measurement-api:21.2.0] AndroidManifest.xml:25:22-76
28
29    <uses-feature
29-->[com.google.android.gms:play-services-maps:18.1.0] AndroidManifest.xml:26:5-28:35
30        android:glEsVersion="0x00020000"
30-->[com.google.android.gms:play-services-maps:18.1.0] AndroidManifest.xml:27:9-41
31        android:required="true" />
31-->[com.google.android.gms:play-services-maps:18.1.0] AndroidManifest.xml:28:9-32
32
33    <queries>
33-->[com.google.android.gms:play-services-maps:18.1.0] AndroidManifest.xml:30:5-34:15
34
35        <!-- Needs to be explicitly declared on Android R+ -->
36        <package android:name="com.google.android.apps.maps" />
36-->[com.google.android.gms:play-services-maps:18.1.0] AndroidManifest.xml:33:9-64
36-->[com.google.android.gms:play-services-maps:18.1.0] AndroidManifest.xml:33:18-61
37    </queries>
38
39    <uses-permission android:name="com.google.android.finsky.permission.BIND_GET_INSTALL_REFERRER_SERVICE" />
39-->[com.google.android.gms:play-services-measurement:21.2.0] AndroidManifest.xml:26:5-110
39-->[com.google.android.gms:play-services-measurement:21.2.0] AndroidManifest.xml:26:22-107
40
41    <permission
41-->[androidx.core:core:1.9.0] AndroidManifest.xml:22:5-24:47
42        android:name="com.jumpq.jump_q.DYNAMIC_RECEIVER_NOT_EXPORTED_PERMISSION"
42-->[androidx.core:core:1.9.0] AndroidManifest.xml:23:9-81
43        android:protectionLevel="signature" />
43-->[androidx.core:core:1.9.0] AndroidManifest.xml:24:9-44
44
45    <uses-permission android:name="com.jumpq.jump_q.DYNAMIC_RECEIVER_NOT_EXPORTED_PERMISSION" /> <!-- Don't require camera, as this requires a rear camera. This allows it to work on the Nexus 7 -->
45-->[androidx.core:core:1.9.0] AndroidManifest.xml:26:5-97
45-->[androidx.core:core:1.9.0] AndroidManifest.xml:26:22-94
46    <uses-feature
46-->[com.journeyapps:zxing-android-embedded:4.3.0] AndroidManifest.xml:25:5-27:36
47        android:name="android.hardware.camera"
47-->[com.journeyapps:zxing-android-embedded:4.3.0] AndroidManifest.xml:26:9-47
48        android:required="false" />
48-->[com.journeyapps:zxing-android-embedded:4.3.0] AndroidManifest.xml:27:9-33
49    <uses-feature
49-->[com.journeyapps:zxing-android-embedded:4.3.0] AndroidManifest.xml:28:5-30:36
50        android:name="android.hardware.camera.front"
50-->[com.journeyapps:zxing-android-embedded:4.3.0] AndroidManifest.xml:29:9-53
51        android:required="false" /> <!-- TODO replace above two with next line after Android 4.2 -->
51-->[com.journeyapps:zxing-android-embedded:4.3.0] AndroidManifest.xml:30:9-33
52    <!-- <uses-feature android:name="android.hardware.camera.any"/> -->
53    <uses-feature
53-->[com.journeyapps:zxing-android-embedded:4.3.0] AndroidManifest.xml:33:5-35:36
54        android:name="android.hardware.camera.autofocus"
54-->[com.journeyapps:zxing-android-embedded:4.3.0] AndroidManifest.xml:34:9-57
55        android:required="false" />
55-->[com.journeyapps:zxing-android-embedded:4.3.0] AndroidManifest.xml:35:9-33
56    <uses-feature
56-->[com.journeyapps:zxing-android-embedded:4.3.0] AndroidManifest.xml:36:5-38:36
57        android:name="android.hardware.camera.flash"
57-->[com.journeyapps:zxing-android-embedded:4.3.0] AndroidManifest.xml:37:9-53
58        android:required="false" />
58-->[com.journeyapps:zxing-android-embedded:4.3.0] AndroidManifest.xml:38:9-33
59    <uses-feature
59-->[com.journeyapps:zxing-android-embedded:4.3.0] AndroidManifest.xml:39:5-41:36
60        android:name="android.hardware.screen.landscape"
60-->[com.journeyapps:zxing-android-embedded:4.3.0] AndroidManifest.xml:40:9-57
61        android:required="false" />
61-->[com.journeyapps:zxing-android-embedded:4.3.0] AndroidManifest.xml:41:9-33
62    <uses-feature
62-->[com.journeyapps:zxing-android-embedded:4.3.0] AndroidManifest.xml:42:5-44:36
63        android:name="android.hardware.wifi"
63-->[com.journeyapps:zxing-android-embedded:4.3.0] AndroidManifest.xml:43:9-45
64        android:required="false" />
64-->[com.journeyapps:zxing-android-embedded:4.3.0] AndroidManifest.xml:44:9-33
65
66    <application
66-->src/main/AndroidManifest.xml:14:5-67:19
67        android:appComponentFactory="androidx.core.app.CoreComponentFactory"
67-->[androidx.core:core:1.9.0] AndroidManifest.xml:28:18-86
68        android:icon="@mipmap/ic_launcher"
68-->src/main/AndroidManifest.xml:16:9-43
69        android:label="Jump Q"
69-->src/main/AndroidManifest.xml:15:9-31
70        android:supportsRtl="true" >
70-->[com.cashfree.pg:android-sdk:1.7.28] AndroidManifest.xml:20:9-35
71        <activity
71-->src/main/AndroidManifest.xml:18:9-53:20
72            android:name="com.jumpq.jump_q.MainActivity"
72-->src/main/AndroidManifest.xml:19:13-41
73            android:configChanges="orientation|keyboardHidden|keyboard|screenSize|smallestScreenSize|locale|layoutDirection|fontScale|screenLayout|density|uiMode"
73-->src/main/AndroidManifest.xml:23:13-163
74            android:exported="true"
74-->src/main/AndroidManifest.xml:20:13-36
75            android:hardwareAccelerated="true"
75-->src/main/AndroidManifest.xml:24:13-47
76            android:launchMode="singleTop"
76-->src/main/AndroidManifest.xml:21:13-43
77            android:theme="@style/LaunchTheme"
77-->src/main/AndroidManifest.xml:22:13-47
78            android:windowSoftInputMode="adjustResize" >
78-->src/main/AndroidManifest.xml:25:13-55
79
80            <!--
81                 Specifies an Android theme to apply to this Activity as soon as
82                 the Android process has started. This theme is visible to the user
83                 while the Flutter UI initializes. After that, this theme continues
84                 to determine the Window background behind the Flutter UI.
85            -->
86            <meta-data
86-->src/main/AndroidManifest.xml:31:13-34:17
87                android:name="io.flutter.embedding.android.NormalTheme"
87-->src/main/AndroidManifest.xml:32:15-70
88                android:resource="@style/NormalTheme" />
88-->src/main/AndroidManifest.xml:33:15-52
89            <!--
90                 Displays an Android View that continues showing the launch screen
91                 Drawable until Flutter paints its first frame, then this splash
92                 screen fades out. A splash screen is useful to avoid any visual
93                 gap between the end of Android's launch screen and the painting of
94                 Flutter's first frame.
95            -->
96            <meta-data
96-->src/main/AndroidManifest.xml:40:13-43:17
97                android:name="io.flutter.embedding.android.SplashScreenDrawable"
97-->src/main/AndroidManifest.xml:41:15-79
98                android:resource="@drawable/launch_background" />
98-->src/main/AndroidManifest.xml:42:15-61
99
100            <intent-filter>
100-->src/main/AndroidManifest.xml:44:13-48:29
101                <action android:name="android.intent.action.MAIN" />
101-->src/main/AndroidManifest.xml:45:17-46:23
101-->src/main/AndroidManifest.xml:45:25-66
102
103                <category android:name="android.intent.category.LAUNCHER" />
103-->src/main/AndroidManifest.xml:47:17-76
103-->src/main/AndroidManifest.xml:47:27-74
104            </intent-filter>
105            <intent-filter>
105-->src/main/AndroidManifest.xml:49:13-52:29
106                <action android:name="FLUTTER_NOTIFICATION_CLICK" />
106-->src/main/AndroidManifest.xml:50:17-69
106-->src/main/AndroidManifest.xml:50:25-66
107
108                <category android:name="android.intent.category.DEFAULT" />
108-->src/main/AndroidManifest.xml:51:17-76
108-->src/main/AndroidManifest.xml:51:27-73
109            </intent-filter>
110        </activity>
111
112        <!--
113             Don't delete the meta-data below.
114             This is used by the Flutter tool to generate GeneratedPluginRegistrant.java
115        -->
116        <meta-data
116-->src/main/AndroidManifest.xml:57:9-59:33
117            android:name="flutterEmbedding"
117-->src/main/AndroidManifest.xml:58:13-44
118            android:value="2" />
118-->src/main/AndroidManifest.xml:59:13-30
119        <meta-data
119-->src/main/AndroidManifest.xml:60:9-62:55
120            android:name="com.google.firebase.messaging.default_notification_channel_id"
120-->src/main/AndroidManifest.xml:61:13-89
121            android:value="high_importance_channel" />
121-->src/main/AndroidManifest.xml:62:13-52
122
123        <!-- Only add it if you need Auto OTP reading feature is enabled -->
124        <meta-data
124-->src/main/AndroidManifest.xml:65:9-66:69
125            android:name="com.google.android.gms.version"
125-->src/main/AndroidManifest.xml:65:20-65
126            android:value="@integer/google_play_services_version" />
126-->src/main/AndroidManifest.xml:66:13-66
127
128        <service
128-->[:firebase_messaging] AndroidManifest.xml:16:9-19:72
129            android:name="io.flutter.plugins.firebase.messaging.FlutterFirebaseMessagingBackgroundService"
129-->[:firebase_messaging] AndroidManifest.xml:17:13-107
130            android:exported="false"
130-->[:firebase_messaging] AndroidManifest.xml:18:13-37
131            android:permission="android.permission.BIND_JOB_SERVICE" />
131-->[:firebase_messaging] AndroidManifest.xml:19:13-69
132        <service
132-->[:firebase_messaging] AndroidManifest.xml:20:9-26:19
133            android:name="io.flutter.plugins.firebase.messaging.FlutterFirebaseMessagingService"
133-->[:firebase_messaging] AndroidManifest.xml:21:13-97
134            android:exported="false" >
134-->[:firebase_messaging] AndroidManifest.xml:22:13-37
135            <intent-filter>
135-->[:firebase_messaging] AndroidManifest.xml:23:13-25:29
136                <action android:name="com.google.firebase.MESSAGING_EVENT" />
136-->[:firebase_messaging] AndroidManifest.xml:24:17-78
136-->[:firebase_messaging] AndroidManifest.xml:24:25-75
137            </intent-filter>
138        </service>
139
140        <receiver
140-->[:firebase_messaging] AndroidManifest.xml:28:9-35:20
141            android:name="io.flutter.plugins.firebase.messaging.FlutterFirebaseMessagingReceiver"
141-->[:firebase_messaging] AndroidManifest.xml:29:13-98
142            android:exported="true"
142-->[:firebase_messaging] AndroidManifest.xml:30:13-36
143            android:permission="com.google.android.c2dm.permission.SEND" >
143-->[:firebase_messaging] AndroidManifest.xml:31:13-73
144            <intent-filter>
144-->[:firebase_messaging] AndroidManifest.xml:32:13-34:29
145                <action android:name="com.google.android.c2dm.intent.RECEIVE" />
145-->[:firebase_messaging] AndroidManifest.xml:33:17-81
145-->[:firebase_messaging] AndroidManifest.xml:33:25-78
146            </intent-filter>
147        </receiver>
148
149        <service
149-->[:firebase_messaging] AndroidManifest.xml:37:9-41:19
150            android:name="com.google.firebase.components.ComponentDiscoveryService"
150-->[:firebase_messaging] AndroidManifest.xml:37:18-89
151            android:directBootAware="true"
151-->[com.google.firebase:firebase-common:20.3.0] AndroidManifest.xml:34:13-43
152            android:exported="false" >
152-->[com.google.firebase:firebase-analytics-ktx:21.2.0] AndroidManifest.xml:10:13-37
153            <meta-data
153-->[:firebase_messaging] AndroidManifest.xml:38:13-40:85
154                android:name="com.google.firebase.components:io.flutter.plugins.firebase.messaging.FlutterFirebaseAppRegistrar"
154-->[:firebase_messaging] AndroidManifest.xml:39:17-128
155                android:value="com.google.firebase.components.ComponentRegistrar" />
155-->[:firebase_messaging] AndroidManifest.xml:40:17-82
156            <meta-data
156-->[:firebase_crashlytics] AndroidManifest.xml:11:13-13:85
157                android:name="com.google.firebase.components:io.flutter.plugins.firebase.crashlytics.FlutterFirebaseAppRegistrar"
157-->[:firebase_crashlytics] AndroidManifest.xml:12:17-130
158                android:value="com.google.firebase.components.ComponentRegistrar" />
158-->[:firebase_crashlytics] AndroidManifest.xml:13:17-82
159            <meta-data
159-->[:firebase_core] AndroidManifest.xml:11:13-13:85
160                android:name="com.google.firebase.components:io.flutter.plugins.firebase.core.FlutterFirebaseCoreRegistrar"
160-->[:firebase_core] AndroidManifest.xml:12:17-124
161                android:value="com.google.firebase.components.ComponentRegistrar" />
161-->[:firebase_core] AndroidManifest.xml:13:17-82
162            <meta-data
162-->[com.google.firebase:firebase-analytics-ktx:21.2.0] AndroidManifest.xml:11:13-13:85
163                android:name="com.google.firebase.components:com.google.firebase.analytics.ktx.FirebaseAnalyticsKtxRegistrar"
163-->[com.google.firebase:firebase-analytics-ktx:21.2.0] AndroidManifest.xml:12:17-126
164                android:value="com.google.firebase.components.ComponentRegistrar" />
164-->[com.google.firebase:firebase-analytics-ktx:21.2.0] AndroidManifest.xml:13:17-82
165            <meta-data
165-->[com.google.firebase:firebase-common-ktx:20.3.0] AndroidManifest.xml:14:13-16:85
166                android:name="com.google.firebase.components:com.google.firebase.ktx.FirebaseCommonKtxRegistrar"
166-->[com.google.firebase:firebase-common-ktx:20.3.0] AndroidManifest.xml:15:17-113
167                android:value="com.google.firebase.components.ComponentRegistrar" />
167-->[com.google.firebase:firebase-common-ktx:20.3.0] AndroidManifest.xml:16:17-82
168            <meta-data
168-->[com.google.firebase:firebase-messaging:23.1.1] AndroidManifest.xml:55:13-57:85
169                android:name="com.google.firebase.components:com.google.firebase.messaging.FirebaseMessagingRegistrar"
169-->[com.google.firebase:firebase-messaging:23.1.1] AndroidManifest.xml:56:17-119
170                android:value="com.google.firebase.components.ComponentRegistrar" />
170-->[com.google.firebase:firebase-messaging:23.1.1] AndroidManifest.xml:57:17-82
171            <meta-data
171-->[com.google.firebase:firebase-datatransport:18.1.7] AndroidManifest.xml:27:13-29:85
172                android:name="com.google.firebase.components:com.google.firebase.datatransport.TransportRegistrar"
172-->[com.google.firebase:firebase-datatransport:18.1.7] AndroidManifest.xml:28:17-115
173                android:value="com.google.firebase.components.ComponentRegistrar" />
173-->[com.google.firebase:firebase-datatransport:18.1.7] AndroidManifest.xml:29:17-82
174            <meta-data
174-->[com.google.firebase:firebase-crashlytics:18.3.5] AndroidManifest.xml:17:13-19:85
175                android:name="com.google.firebase.components:com.google.firebase.crashlytics.CrashlyticsRegistrar"
175-->[com.google.firebase:firebase-crashlytics:18.3.5] AndroidManifest.xml:18:17-115
176                android:value="com.google.firebase.components.ComponentRegistrar" />
176-->[com.google.firebase:firebase-crashlytics:18.3.5] AndroidManifest.xml:19:17-82
177            <meta-data
177-->[com.google.firebase:firebase-auth:21.1.0] AndroidManifest.xml:67:13-69:85
178                android:name="com.google.firebase.components:com.google.firebase.auth.FirebaseAuthRegistrar"
178-->[com.google.firebase:firebase-auth:21.1.0] AndroidManifest.xml:68:17-109
179                android:value="com.google.firebase.components.ComponentRegistrar" />
179-->[com.google.firebase:firebase-auth:21.1.0] AndroidManifest.xml:69:17-82
180            <meta-data
180-->[com.google.firebase:firebase-iid:21.1.0] AndroidManifest.xml:32:13-34:85
181                android:name="com.google.firebase.components:com.google.firebase.iid.Registrar"
181-->[com.google.firebase:firebase-iid:21.1.0] AndroidManifest.xml:33:17-96
182                android:value="com.google.firebase.components.ComponentRegistrar" />
182-->[com.google.firebase:firebase-iid:21.1.0] AndroidManifest.xml:34:17-82
183            <meta-data
183-->[com.google.android.gms:play-services-measurement-api:21.2.0] AndroidManifest.xml:31:13-33:85
184                android:name="com.google.firebase.components:com.google.firebase.analytics.connector.internal.AnalyticsConnectorRegistrar"
184-->[com.google.android.gms:play-services-measurement-api:21.2.0] AndroidManifest.xml:32:17-139
185                android:value="com.google.firebase.components.ComponentRegistrar" />
185-->[com.google.android.gms:play-services-measurement-api:21.2.0] AndroidManifest.xml:33:17-82
186            <meta-data
186-->[com.google.firebase:firebase-installations:17.1.2] AndroidManifest.xml:17:13-19:85
187                android:name="com.google.firebase.components:com.google.firebase.installations.FirebaseInstallationsRegistrar"
187-->[com.google.firebase:firebase-installations:17.1.2] AndroidManifest.xml:18:17-127
188                android:value="com.google.firebase.components.ComponentRegistrar" />
188-->[com.google.firebase:firebase-installations:17.1.2] AndroidManifest.xml:19:17-82
189        </service>
190
191        <provider
191-->[:firebase_messaging] AndroidManifest.xml:43:9-47:38
192            android:name="io.flutter.plugins.firebase.messaging.FlutterFirebaseMessagingInitProvider"
192-->[:firebase_messaging] AndroidManifest.xml:44:13-102
193            android:authorities="com.jumpq.jump_q.flutterfirebasemessaginginitprovider"
193-->[:firebase_messaging] AndroidManifest.xml:45:13-88
194            android:exported="false"
194-->[:firebase_messaging] AndroidManifest.xml:46:13-37
195            android:initOrder="99" />
195-->[:firebase_messaging] AndroidManifest.xml:47:13-35
196
197        <service
197-->[:geolocator_android] AndroidManifest.xml:12:9-16:56
198            android:name="com.baseflow.geolocator.GeolocatorLocationService"
198-->[:geolocator_android] AndroidManifest.xml:13:13-77
199            android:enabled="true"
199-->[:geolocator_android] AndroidManifest.xml:14:13-35
200            android:exported="false"
200-->[:geolocator_android] AndroidManifest.xml:15:13-37
201            android:foregroundServiceType="location" />
201-->[:geolocator_android] AndroidManifest.xml:16:13-53
202
203        <receiver
203-->[:flutter_local_notifications] AndroidManifest.xml:16:9-18:40
204            android:name="com.dexterous.flutterlocalnotifications.ActionBroadcastReceiver"
204-->[:flutter_local_notifications] AndroidManifest.xml:17:13-91
205            android:exported="false" />
205-->[:flutter_local_notifications] AndroidManifest.xml:18:13-37
206        <receiver
206-->[:flutter_local_notifications] AndroidManifest.xml:19:9-21:40
207            android:name="com.dexterous.flutterlocalnotifications.ScheduledNotificationReceiver"
207-->[:flutter_local_notifications] AndroidManifest.xml:20:13-97
208            android:exported="false" />
208-->[:flutter_local_notifications] AndroidManifest.xml:21:13-37
209        <receiver
209-->[:flutter_local_notifications] AndroidManifest.xml:22:9-31:20
210            android:name="com.dexterous.flutterlocalnotifications.ScheduledNotificationBootReceiver"
210-->[:flutter_local_notifications] AndroidManifest.xml:23:13-101
211            android:exported="false" >
211-->[:flutter_local_notifications] AndroidManifest.xml:24:13-37
212            <intent-filter>
212-->[:flutter_local_notifications] AndroidManifest.xml:25:13-30:29
213                <action android:name="android.intent.action.BOOT_COMPLETED" />
213-->[:flutter_local_notifications] AndroidManifest.xml:26:17-79
213-->[:flutter_local_notifications] AndroidManifest.xml:26:25-76
214                <action android:name="android.intent.action.MY_PACKAGE_REPLACED" />
214-->[:flutter_local_notifications] AndroidManifest.xml:27:17-84
214-->[:flutter_local_notifications] AndroidManifest.xml:27:25-81
215                <action android:name="android.intent.action.QUICKBOOT_POWERON" />
215-->[:flutter_local_notifications] AndroidManifest.xml:28:17-82
215-->[:flutter_local_notifications] AndroidManifest.xml:28:25-79
216                <action android:name="com.htc.intent.action.QUICKBOOT_POWERON" />
216-->[:flutter_local_notifications] AndroidManifest.xml:29:17-82
216-->[:flutter_local_notifications] AndroidManifest.xml:29:25-79
217            </intent-filter>
218        </receiver>
219
220        <provider
220-->[:share] AndroidManifest.xml:10:9-18:20
221            android:name="io.flutter.plugins.share.ShareFileProvider"
221-->[:share] AndroidManifest.xml:11:13-70
222            android:authorities="com.jumpq.jump_q.flutter.share_provider"
222-->[:share] AndroidManifest.xml:12:13-74
223            android:exported="false"
223-->[:share] AndroidManifest.xml:13:13-37
224            android:grantUriPermissions="true" >
224-->[:share] AndroidManifest.xml:14:13-47
225            <meta-data
225-->[:share] AndroidManifest.xml:15:13-17:68
226                android:name="android.support.FILE_PROVIDER_PATHS"
226-->[:share] AndroidManifest.xml:16:17-67
227                android:resource="@xml/flutter_share_file_paths" />
227-->[:share] AndroidManifest.xml:17:17-65
228        </provider>
229        <provider
229-->[:image_picker_android] AndroidManifest.xml:10:9-18:20
230            android:name="io.flutter.plugins.imagepicker.ImagePickerFileProvider"
230-->[:image_picker_android] AndroidManifest.xml:11:13-82
231            android:authorities="com.jumpq.jump_q.flutter.image_provider"
231-->[:image_picker_android] AndroidManifest.xml:12:13-74
232            android:exported="false"
232-->[:image_picker_android] AndroidManifest.xml:13:13-37
233            android:grantUriPermissions="true" >
233-->[:image_picker_android] AndroidManifest.xml:14:13-47
234            <meta-data
234-->[:share] AndroidManifest.xml:15:13-17:68
235                android:name="android.support.FILE_PROVIDER_PATHS"
235-->[:share] AndroidManifest.xml:16:17-67
236                android:resource="@xml/flutter_image_picker_file_paths" />
236-->[:share] AndroidManifest.xml:17:17-65
237        </provider>
238
239        <activity
239-->[:url_launcher_android] AndroidManifest.xml:10:9-13:74
240            android:name="io.flutter.plugins.urllauncher.WebViewActivity"
240-->[:url_launcher_android] AndroidManifest.xml:11:13-74
241            android:exported="false"
241-->[:url_launcher_android] AndroidManifest.xml:12:13-37
242            android:theme="@android:style/Theme.NoTitleBar.Fullscreen" />
242-->[:url_launcher_android] AndroidManifest.xml:13:13-71
243
244        <provider
244-->[:printing] AndroidManifest.xml:10:9-18:20
245            android:name="net.nfet.flutter.printing.PrintFileProvider"
245-->[:printing] AndroidManifest.xml:11:13-71
246            android:authorities="com.jumpq.jump_q.flutter.printing"
246-->[:printing] AndroidManifest.xml:12:13-68
247            android:exported="false"
247-->[:printing] AndroidManifest.xml:13:13-37
248            android:grantUriPermissions="true" >
248-->[:printing] AndroidManifest.xml:14:13-47
249            <meta-data
249-->[:share] AndroidManifest.xml:15:13-17:68
250                android:name="android.support.FILE_PROVIDER_PATHS"
250-->[:share] AndroidManifest.xml:16:17-67
251                android:resource="@xml/flutter_printing_file_paths" />
251-->[:share] AndroidManifest.xml:17:17-65
252        </provider>
253        <provider
253-->[:open_file] AndroidManifest.xml:14:9-23:20
254            android:name="com.crazecoder.openfile.FileProvider"
254-->[:open_file] AndroidManifest.xml:15:13-64
255            android:authorities="com.jumpq.jump_q.fileProvider.com.crazecoder.openfile"
255-->[:open_file] AndroidManifest.xml:16:13-88
256            android:exported="false"
256-->[:open_file] AndroidManifest.xml:17:13-37
257            android:grantUriPermissions="true" >
257-->[:open_file] AndroidManifest.xml:18:13-47
258            <meta-data
258-->[:share] AndroidManifest.xml:15:13-17:68
259                android:name="android.support.FILE_PROVIDER_PATHS"
259-->[:share] AndroidManifest.xml:16:17-67
260                android:resource="@xml/filepaths" />
260-->[:share] AndroidManifest.xml:17:17-65
261        </provider>
262
263        <meta-data
263-->[com.firebaseui:firebase-ui-auth:7.2.0] AndroidManifest.xml:19:9-21:63
264            android:name="com.facebook.sdk.ApplicationId"
264-->[com.firebaseui:firebase-ui-auth:7.2.0] AndroidManifest.xml:20:13-58
265            android:value="@string/facebook_application_id" />
265-->[com.firebaseui:firebase-ui-auth:7.2.0] AndroidManifest.xml:21:13-60
266
267        <activity
267-->[com.firebaseui:firebase-ui-auth:7.2.0] AndroidManifest.xml:23:9-27:61
268            android:name="com.firebase.ui.auth.KickoffActivity"
268-->[com.firebaseui:firebase-ui-auth:7.2.0] AndroidManifest.xml:24:13-64
269            android:exported="false"
269-->[com.firebaseui:firebase-ui-auth:7.2.0] AndroidManifest.xml:25:13-37
270            android:label=""
270-->[com.firebaseui:firebase-ui-auth:7.2.0] AndroidManifest.xml:26:13-29
271            android:theme="@style/FirebaseUI.Transparent" />
271-->[com.firebaseui:firebase-ui-auth:7.2.0] AndroidManifest.xml:27:13-58
272        <activity
272-->[com.firebaseui:firebase-ui-auth:7.2.0] AndroidManifest.xml:28:9-32:61
273            android:name="com.firebase.ui.auth.ui.idp.SingleSignInActivity"
273-->[com.firebaseui:firebase-ui-auth:7.2.0] AndroidManifest.xml:29:13-76
274            android:exported="false"
274-->[com.firebaseui:firebase-ui-auth:7.2.0] AndroidManifest.xml:30:13-37
275            android:label=""
275-->[com.firebaseui:firebase-ui-auth:7.2.0] AndroidManifest.xml:31:13-29
276            android:theme="@style/FirebaseUI.Transparent" />
276-->[com.firebaseui:firebase-ui-auth:7.2.0] AndroidManifest.xml:32:13-58
277        <activity
277-->[com.firebaseui:firebase-ui-auth:7.2.0] AndroidManifest.xml:33:9-37:61
278            android:name="com.firebase.ui.auth.ui.credentials.CredentialSaveActivity"
278-->[com.firebaseui:firebase-ui-auth:7.2.0] AndroidManifest.xml:34:13-86
279            android:exported="false"
279-->[com.firebaseui:firebase-ui-auth:7.2.0] AndroidManifest.xml:35:13-37
280            android:label=""
280-->[com.firebaseui:firebase-ui-auth:7.2.0] AndroidManifest.xml:36:13-29
281            android:theme="@style/FirebaseUI.Transparent" />
281-->[com.firebaseui:firebase-ui-auth:7.2.0] AndroidManifest.xml:37:13-58
282        <activity